<?xml version="1.0" encoding="UTF-8"?>
<TestRun id="69cbfb47-a595-422e-b099-c8dc1133402d" name="Губин_Н@SRV-VS2010 2016-04-05 19:58:42" runUser="APTECH\Губин_Н" xmlns="http://microsoft.com/schemas/VisualStudio/TeamTest/2010">
  <TestSettings name="Локальные" id="172d4a0d-bcf3-4a98-81c5-30025a5fc096">
    <Description>Это - параметры по умолчанию для локального тестового запуска.</Description>
    <Deployment enabled="false" runDeploymentRoot="Губин_Н_SRV-VS2010 2016-04-05 19_58_42">
      <DeploymentItem filename="c:\documents and settings\губин_н\мои документы\visual studio 2010\Projects\Lek13\Lek13\bin\Debug\Lek13.dll" />
    </Deployment>
    <Execution>
      <TestTypeSpecific />
      <AgentRule name="Execution Agents">
      </AgentRule>
    </Execution>
  </TestSettings>
  <Times creation="2016-04-05T19:58:42.1965049+03:00" queuing="2016-04-05T19:58:42.2590101+03:00" start="2016-04-05T19:58:42.2590101+03:00" finish="2016-04-05T19:58:42.5559098+03:00" />
  <ResultSummary outcome="Failed">
    <Counters total="2" executed="2" passed="1" error="0" failed="1" timeout="0" aborted="0" inconclusive="0" passedButRunAborted="0" notRunnable="0" notExecuted="0" disconnected="0" warning="0" completed="0" inProgress="0" pending="0" />
  </ResultSummary>
  <TestDefinitions>
    <UnitTest name="TestKorni" storage="c:\documents and settings\губин_н\мои документы\visual studio 2010\projects\lek13\testproject\bin\debug\testproject.dll" id="9a17c6b5-cd68-6509-78dd-a8112636d9da">
      <Execution id="1204a9a0-3435-4ac0-ba28-0f8fdb1bcc5c" />
      <TestMethod codeBase="c:/documents and settings/губин_н/мои документы/visual studio 2010/Projects/Lek13/TestProject/bin/Debug/TestProject.DLL" adapterTypeName="Microsoft.VisualStudio.TestTools.TestTypes.Unit.UnitTestAdapter, Microsoft.VisualStudio.QualityTools.Tips.UnitTest.Adapter, Version=10.0.0.0, Culture=neutral, PublicKeyToken=b03f5f7f11d50a3a" className="TestProject.UnitTest1, TestProject, Version=1.0.0.0, Culture=neutral, PublicKeyToken=null" name="TestKorni" />
    </UnitTest>
    <UnitTest name="TestMethod1" storage="c:\documents and settings\губин_н\мои документы\visual studio 2010\projects\lek13\testproject\bin\debug\testproject.dll" id="24e109b5-ebac-7154-c0d0-91db5c99399f">
      <Execution id="832465e8-6b79-4d2c-986f-bb2b5497fac9" />
      <TestMethod codeBase="c:/documents and settings/губин_н/мои документы/visual studio 2010/Projects/Lek13/TestProject/bin/Debug/TestProject.DLL" adapterTypeName="Microsoft.VisualStudio.TestTools.TestTypes.Unit.UnitTestAdapter, Microsoft.VisualStudio.QualityTools.Tips.UnitTest.Adapter, Version=10.0.0.0, Culture=neutral, PublicKeyToken=b03f5f7f11d50a3a" className="TestProject.UnitTest1, TestProject, Version=1.0.0.0, Culture=neutral, PublicKeyToken=null" name="TestMethod1" />
    </UnitTest>
  </TestDefinitions>
  <TestLists>
    <TestList name="Отсутствующие в списке результаты" id="8c84fa94-04c1-424b-9868-57a2d4851a1d" />
    <TestList name="Все загруженные результаты" id="19431567-8539-422a-85d7-44ee4e166bda" />
  </TestLists>
  <TestEntries>
    <TestEntry testId="24e109b5-ebac-7154-c0d0-91db5c99399f" executionId="832465e8-6b79-4d2c-986f-bb2b5497fac9" testListId="8c84fa94-04c1-424b-9868-57a2d4851a1d" />
    <TestEntry testId="9a17c6b5-cd68-6509-78dd-a8112636d9da" executionId="1204a9a0-3435-4ac0-ba28-0f8fdb1bcc5c" testListId="8c84fa94-04c1-424b-9868-57a2d4851a1d" />
  </TestEntries>
  <Results>
    <UnitTestResult executionId="832465e8-6b79-4d2c-986f-bb2b5497fac9" testId="24e109b5-ebac-7154-c0d0-91db5c99399f" testName="TestMethod1" computerName="SRV-VS2010" duration="00:00:00.0192144" startTime="2016-04-05T19:58:42.2590101+03:00" endTime="2016-04-05T19:58:42.5090309+03:00" testType="13cdc9d9-ddb5-4fa4-a97d-d965ccfc6d4b" outcome="Passed" testListId="8c84fa94-04c1-424b-9868-57a2d4851a1d" relativeResultsDirectory="832465e8-6b79-4d2c-986f-bb2b5497fac9">
    </UnitTestResult>
    <UnitTestResult executionId="1204a9a0-3435-4ac0-ba28-0f8fdb1bcc5c" testId="9a17c6b5-cd68-6509-78dd-a8112636d9da" testName="TestKorni" computerName="SRV-VS2010" duration="00:00:00.0175279" startTime="2016-04-05T19:58:42.5246572+03:00" endTime="2016-04-05T19:58:42.5246572+03:00" testType="13cdc9d9-ddb5-4fa4-a97d-d965ccfc6d4b" outcome="Failed" testListId="8c84fa94-04c1-424b-9868-57a2d4851a1d" relativeResultsDirectory="1204a9a0-3435-4ac0-ba28-0f8fdb1bcc5c">
      <Output>
        <ErrorInfo>
          <Message>Метод проверки TestProject.UnitTest1.TestKorni выдал исключение: System.NullReferenceException: Ссылка на объект не указывает на экземпляр объекта..</Message>
          <StackTrace>    в TestProject.UnitTest1.TestKorni() в c:\documents and settings\губин_н\мои документы\visual studio 2010\Projects\Lek13\TestProject\UnitTest1.cs:строка 26
</StackTrace>
        </ErrorInfo>
      </Output>
    </UnitTestResult>
  </Results>
</TestRun>